<?xml version="1.0" encoding="UTF-8"?>
<testsuite xmlns:xsi="http://www.w3.org/2001/XMLSchema-instance" xsi:noNamespaceSchemaLocation="https://maven.apache.org/surefire/maven-surefire-plugin/xsd/surefire-test-report-3.0.xsd" version="3.0" name="BarajaTest" time="0.069" tests="4" errors="0" skipped="0" failures="0">
  <properties>
[...]
</properties>
  <testcase name="testGetCardFromDeck_DevuelveCartaCuandoHayCartasDisponibles" classname="BarajaTest" time="0.03"/>
  <testcase name="testGetCardFromDeck_DisminuyeElTamañoDelMazo" classname="BarajaTest" time="0.002"/>
  <testcase name="testGetCardFromDeck_TodasLasCartasSonUnicas" classname="BarajaTest" time="0.007"/>
  <testcase name="testGetCardFromDeck_LanzaBarajaVaciaExceptionCuandoNoHayCartas" classname="BarajaTest" time="0.007"/>
</testsuite>